#
# There is insufficient memory for the Java Runtime Environment to continue.
# Native memory allocation (mmap) failed to map 487424 bytes for G1 virtual space
# Possible reasons:
#   The system is out of physical RAM or swap space
#   The process is running with CompressedOops enabled, and the Java Heap may be blocking the growth of the native heap
# Possible solutions:
#   Reduce memory load on the system
#   Increase physical memory or swap space
#   Check if swap backing store is full
#   Decrease Java heap size (-Xmx/-Xms)
#   Decrease number of Java threads
#   Decrease Java thread stack sizes (-Xss)
#   Set larger code cache with -XX:ReservedCodeCacheSize=
#   JVM is running with Zero Based Compressed Oops mode in which the Java heap is
#     placed in the first 32GB address space. The Java Heap base address is the
#     maximum limit for the native heap growth. Please use -XX:HeapBaseMinAddress
#     to set the Java Heap base and to place the Java Heap above 32GB virtual address.
# This output file may be truncated or incomplete.
#
#  Out of Memory Error (os_windows.cpp:3552), pid=3292, tid=21064
#
# JRE version:  (17.0.9+11) (build )
# Java VM: Java HotSpot(TM) 64-Bit Server VM (17.0.9+11-LTS-201, mixed mode, emulated-client, sharing, tiered, compressed oops, compressed class ptrs, g1 gc, windows-amd64)
# No core dump will be written. Minidumps are not enabled by default on client versions of Windows
#

---------------  S U M M A R Y ------------

Command Line: -XX:TieredStopAtLevel=1 -Dspring.output.ansi.enabled=always -Dcom.sun.management.jmxremote -Dspring.jmx.enabled=true -Dspring.liveBeansView.mbeanDomain -Dspring.application.admin.enabled=true -Dmanagement.endpoints.jmx.exposure.include=* -javaagent:C:\Program Files\JetBrains\IntelliJ IDEA 2025.1.3\lib\idea_rt.jar=62305 -Dfile.encoding=UTF-8 com.duc.auction.AuctionServiceApplication

Host: AMD Ryzen 3 5300U with Radeon Graphics         , 8 cores, 14G,  Windows 11 , 64 bit Build 26100 (10.0.26100.8246)
Time: Thu Apr 23 00:58:19 2026 SE Asia Standard Time elapsed time: 0.027691 seconds (0d 0h 0m 0s)

---------------  T H R E A D  ---------------

Current thread (0x000001493147b040):  JavaThread "Unknown thread" [_thread_in_vm, id=21064, stack(0x000000012b900000,0x000000012ba00000)]

Stack: [0x000000012b900000,0x000000012ba00000]
Native frames: (J=compiled Java code, j=interpreted, Vv=VM code, C=native code)
V  [jvm.dll+0x678a4a]
V  [jvm.dll+0x7d9cfd]
V  [jvm.dll+0x7db60e]
V  [jvm.dll+0x7dbc73]
V  [jvm.dll+0x245e1f]
V  [jvm.dll+0x6758f9]
V  [jvm.dll+0x66a2a2]
V  [jvm.dll+0x303686]
V  [jvm.dll+0x30ac06]
V  [jvm.dll+0x35a4ed]
V  [jvm.dll+0x35a6bf]
V  [jvm.dll+0x2da678]
V  [jvm.dll+0x2db5e4]
V  [jvm.dll+0x7ab6b1]
V  [jvm.dll+0x368041]
V  [jvm.dll+0x78a749]
V  [jvm.dll+0x3ebd4f]
V  [jvm.dll+0x3ed7d1]
C  [jli.dll+0x5297]
C  [ucrtbase.dll+0x37b0]
C  [KERNEL32.DLL+0x2e8d7]
C  [ntdll.dll+0x8c3fc]


---------------  P R O C E S S  ---------------

Threads class SMR info:
_java_thread_list=0x00007ff8053489d8, length=0, elements={
}

Java Threads: ( => current thread )

Other Threads:
  0x00000149314e1b40 GCTaskThread "GC Thread#0" [stack: 0x000000012ba00000,0x000000012bb00000] [id=22208]
  0x00000149314f32c0 ConcurrentGCThread "G1 Main Marker" [stack: 0x000000012bb00000,0x000000012bc00000] [id=8268]
  0x00000149314f3ae0 ConcurrentGCThread "G1 Conc#0" [stack: 0x000000012bc00000,0x000000012bd00000] [id=24276]

[error occurred during error reporting (printing all threads), id 0xc0000005, EXCEPTION_ACCESS_VIOLATION (0xc0000005) at pc=0x00007ff804b7b2d7]

VM state: not at safepoint (not fully initialized)

VM Mutex/Monitor currently owned by a thread:  ([mutex/lock_event])
[0x00000149314778e0] Heap_lock - owner thread: 0x000001493147b040

Heap address: 0x0000000712c00000, size: 3796 MB, Compressed Oops mode: Zero based, Oop shift amount: 3

CDS archive(s) mapped at: [0x0000000000000000-0x0000000000000000-0x0000000000000000), size 0, SharedBaseAddress: 0x0000000800000000, ArchiveRelocationMode: 1.
Narrow klass base: 0x0000000000000000, Narrow klass shift: 0, Narrow klass range: 0x0

GC Precious Log:
<Empty>

Heap:
 garbage-first heap   total 0K, used 0K [0x0000000712c00000, 0x0000000800000000)
  region size 2048K, 0 young (0K), 0 survivors (0K)

[error occurred during error reporting (printing heap information), id 0xc0000005, EXCEPTION_ACCESS_VIOLATION (0xc0000005) at pc=0x00007ff804f62229]

GC Heap History (0 events):
No events

Deoptimization events (0 events):
No events

Classes unloaded (0 events):
No events

Classes redefined (0 events):
No events

Internal exceptions (0 events):
No events

VM Operations (0 events):
No events

Events (1 events):
Event: 0.015 Loaded shared library C:\Program Files\Java\jdk-17\bin\java.dll


Dynamic libraries:
0x00007ff67b3d0000 - 0x00007ff67b3e0000 	C:\Program Files\Java\jdk-17\bin\java.exe
0x00007ff879b20000 - 0x00007ff879d87000 	C:\WINDOWS\SYSTEM32\ntdll.dll
0x00007ff878420000 - 0x00007ff8784e9000 	C:\WINDOWS\System32\KERNEL32.DLL
0x00007ff877290000 - 0x00007ff877684000 	C:\WINDOWS\System32\KERNELBASE.dll
0x00007ff876650000 - 0x00007ff87679b000 	C:\WINDOWS\System32\ucrtbase.dll
0x00007ff866ea0000 - 0x00007ff866eb9000 	C:\Program Files\Java\jdk-17\bin\jli.dll
0x00007ff864440000 - 0x00007ff86445b000 	C:\Program Files\Java\jdk-17\bin\VCRUNTIME140.dll
0x00007ff8778e0000 - 0x00007ff877996000 	C:\WINDOWS\System32\ADVAPI32.dll
0x00007ff878240000 - 0x00007ff8782e9000 	C:\WINDOWS\System32\msvcrt.dll
0x00007ff879a30000 - 0x00007ff879ad7000 	C:\WINDOWS\System32\sechost.dll
0x00007ff878070000 - 0x00007ff878188000 	C:\WINDOWS\System32\RPCRT4.dll
0x00007ff879580000 - 0x00007ff879745000 	C:\WINDOWS\System32\USER32.dll
0x00007ff861560000 - 0x00007ff8617f3000 	C:\WINDOWS\WinSxS\amd64_microsoft.windows.common-controls_6595b64144ccf1df_6.0.26100.8115_none_3e075c82e3354f9c\COMCTL32.dll
0x00007ff876620000 - 0x00007ff876647000 	C:\WINDOWS\System32\win32u.dll
0x00007ff878190000 - 0x00007ff8781bb000 	C:\WINDOWS\System32\GDI32.dll
0x00007ff876860000 - 0x00007ff87698b000 	C:\WINDOWS\System32\gdi32full.dll
0x00007ff870940000 - 0x00007ff87094b000 	C:\WINDOWS\SYSTEM32\VERSION.dll
0x00007ff877690000 - 0x00007ff877733000 	C:\WINDOWS\System32\msvcp_win.dll
0x00007ff8779a0000 - 0x00007ff8779d2000 	C:\WINDOWS\System32\IMM32.DLL
0x00007ff866e00000 - 0x00007ff866e0c000 	C:\Program Files\Java\jdk-17\bin\vcruntime140_1.dll
0x00007ff8643b0000 - 0x00007ff86443e000 	C:\Program Files\Java\jdk-17\bin\msvcp140.dll
0x00007ff804890000 - 0x00007ff805471000 	C:\Program Files\Java\jdk-17\bin\server\jvm.dll
0x00007ff878ab0000 - 0x00007ff878ab8000 	C:\WINDOWS\System32\PSAPI.DLL
0x00007ff864480000 - 0x00007ff86448a000 	C:\WINDOWS\SYSTEM32\WSOCK32.dll
0x00007ff86ee20000 - 0x00007ff86ee56000 	C:\WINDOWS\SYSTEM32\WINMM.dll
0x00007ff877e70000 - 0x00007ff877ef0000 	C:\WINDOWS\System32\WS2_32.dll
0x00007ff875140000 - 0x00007ff87515b000 	C:\WINDOWS\SYSTEM32\kernel.appcore.dll
0x00007ff8643a0000 - 0x00007ff8643aa000 	C:\Program Files\Java\jdk-17\bin\jimage.dll
0x00007ff868660000 - 0x00007ff8688a2000 	C:\WINDOWS\SYSTEM32\DBGHELP.DLL
0x00007ff8779e0000 - 0x00007ff877d62000 	C:\WINDOWS\System32\combase.dll
0x00007ff877f90000 - 0x00007ff878068000 	C:\WINDOWS\System32\OLEAUT32.dll
0x00007ff8609a0000 - 0x00007ff8609db000 	C:\WINDOWS\SYSTEM32\dbgcore.DLL
0x00007ff876570000 - 0x00007ff876615000 	C:\WINDOWS\System32\bcryptPrimitives.dll
0x00007ff86c560000 - 0x00007ff86c56e000 	C:\Program Files\Java\jdk-17\bin\instrument.dll
0x00007ff864370000 - 0x00007ff864395000 	C:\Program Files\Java\jdk-17\bin\java.dll

dbghelp: loaded successfully - version: 4.0.5 - missing functions: none
symbol engine: initialized successfully - sym options: 0x614 - pdb path: .;C:\Program Files\Java\jdk-17\bin;C:\WINDOWS\SYSTEM32;C:\WINDOWS\WinSxS\amd64_microsoft.windows.common-controls_6595b64144ccf1df_6.0.26100.8115_none_3e075c82e3354f9c;C:\Program Files\Java\jdk-17\bin\server

VM Arguments:
jvm_args: -XX:TieredStopAtLevel=1 -Dspring.output.ansi.enabled=always -Dcom.sun.management.jmxremote -Dspring.jmx.enabled=true -Dspring.liveBeansView.mbeanDomain -Dspring.application.admin.enabled=true -Dmanagement.endpoints.jmx.exposure.include=* -javaagent:C:\Program Files\JetBrains\IntelliJ IDEA 2025.1.3\lib\idea_rt.jar=62305 -Dfile.encoding=UTF-8 
java_command: com.duc.auction.AuctionServiceApplication
java_class_path (initial): C:\Users\hoang duc\Documents\microservice\real-time-bidding\real-time-bidding\auction-service\target\classes;C:\Users\hoang duc\Documents\microservice\real-time-bidding\real-time-bidding\common-library\target\classes;C:\Users\hoang duc\.m2\repository\org\springframework\spring-web\6.2.6\spring-web-6.2.6.jar;C:\Users\hoang duc\.m2\repository\org\springframework\spring-beans\6.2.6\spring-beans-6.2.6.jar;C:\Users\hoang duc\.m2\repository\org\springframework\spring-core\6.2.6\spring-core-6.2.6.jar;C:\Users\hoang duc\.m2\repository\org\springframework\spring-jcl\6.2.6\spring-jcl-6.2.6.jar;C:\Users\hoang duc\.m2\repository\org\springframework\spring-context\6.2.6\spring-context-6.2.6.jar;C:\Users\hoang duc\.m2\repository\org\springframework\spring-aop\6.2.6\spring-aop-6.2.6.jar;C:\Users\hoang duc\.m2\repository\org\springframework\spring-expression\6.2.6\spring-expression-6.2.6.jar;C:\Users\hoang duc\.m2\repository\org\springframework\security\spring-security-core\6.4.5\spring-security-core-6.4.5.jar;C:\Users\hoang duc\.m2\repository\org\springframework\security\spring-security-crypto\6.4.5\spring-security-crypto-6.4.5.jar;C:\Users\hoang duc\.m2\repository\com\fasterxml\jackson\core\jackson-annotations\2.18.3\jackson-annotations-2.18.3.jar;C:\Users\hoang duc\.m2\repository\org\slf4j\slf4j-api\2.0.17\slf4j-api-2.0.17.jar;C:\Users\hoang duc\.m2\repository\org\springframework\boot\spring-boot-starter-web\3.4.5\spring-boot-starter-web-3.4.5.jar;C:\Users\hoang duc\.m2\repository\org\springframework\boot\spring-boot-starter\3.4.5\spring-boot-starter-3.4.5.jar;C:\Users\hoang duc\.m2\repository\org\springframework\boot\spring-boot\3.4.5\spring-boot-3.4.5.jar;C:\Users\hoang duc\.m2\repository\org\springframework\boot\spring-boot-autoconfigure\3.4.5\spring-boot-autoconfigure-3.4.5.jar;C:\Users\hoang duc\.m2\repository\org\springframework\boot\spring-boot-starter-logging\3.4.5\spring-boot-starter-logging-3.4.5.jar;C:\Users\hoang duc\.m2\repository\ch\qos
Launcher Type: SUN_STANDARD

[Global flags]
     intx CICompilerCount                          = 4                                         {product} {ergonomic}
     uint ConcGCThreads                            = 2                                         {product} {ergonomic}
     uint G1ConcRefinementThreads                  = 8                                         {product} {ergonomic}
   size_t G1HeapRegionSize                         = 2097152                                   {product} {ergonomic}
    uintx GCDrainStackTargetSize                   = 64                                        {product} {ergonomic}
   size_t InitialHeapSize                          = 249561088                                 {product} {ergonomic}
     bool ManagementServer                         = true                                      {product} {command line}
   size_t MarkStackSize                            = 4194304                                   {product} {ergonomic}
   size_t MaxHeapSize                              = 3980394496                                {product} {ergonomic}
   size_t MinHeapDeltaBytes                        = 2097152                                   {product} {ergonomic}
   size_t MinHeapSize                              = 8388608                                   {product} {ergonomic}
    uintx NonProfiledCodeHeapSize                  = 0                                      {pd product} {ergonomic}
     bool ProfileInterpreter                       = false                                  {pd product} {command line}
    uintx ProfiledCodeHeapSize                     = 0                                      {pd product} {ergonomic}
   size_t SoftMaxHeapSize                          = 3980394496                             {manageable} {ergonomic}
     intx TieredStopAtLevel                        = 1                                         {product} {command line}
     bool UseCompressedClassPointers               = true                           {product lp64_product} {ergonomic}
     bool UseCompressedOops                        = true                           {product lp64_product} {ergonomic}
     bool UseG1GC                                  = true                                      {product} {ergonomic}
     bool UseLargePagesIndividualAllocation        = false                                  {pd product} {ergonomic}

Logging:
Log output configuration:
 #0: stdout all=warning uptime,level,tags
 #1: stderr all=off uptime,level,tags

Environment Variables:
JAVA_HOME=C:\Program Files\Java\jdk-17
PATH=C:\Program Files\Erlang OTP\erts-15.2.7\bin;C:\Program Files\Erlang OTP\erts-15.2.7\bin;C:\Program Files\Erlang OTP\erts-15.2.7\bin;C:\Program Files\Erlang OTP\erts-15.2.7\bin;C:\Program Files\Erlang OTP\erts-15.2.7\bin;C:\Program Files\Erlang OTP\erts-15.2.7\bin;C:\Program Files\Erlang OTP\erts-15.2.7\bin;C:\Program Files\Erlang OTP\erts-15.2.7\bin;C:\Program Files\Erlang OTP\erts-15.2.7\bin;C:\WINDOWS\System32;C:\Program Files\RabbitMQ Server\rabbitmq_server-4.2.0\sbin;C:\Program Files\Common Files\Oracle\Java\javapath;C:\WINDOWS\system32;C:\WINDOWS;C:\WINDOWS\System32\Wbem;C:\WINDOWS\System32\WindowsPowerShell\v1.0\;C:\WINDOWS\System32\OpenSSH\;C:\Program Files (x86)\Microsoft SQL Server\160\Tools\Binn\;C:\Program Files\Microsoft SQL Server\160\Tools\Binn\;C:\Program Files\Microsoft SQL Server\Client SDK\ODBC\170\Tools\Binn\;C:\Program Files\Microsoft SQL Server\160\DTS\Binn\;C:\Program Files (x86)\Microsoft SQL Server\160\DTS\Binn\;C:\Program Files\Azure Data Studio\bin;C:\Program Files\Git\cmd;C:\Program Files (x86)\Windows Live\Shared;C:\Program Files\Docker\Docker\resources\bin;C:\Program Files\nodejs\;c:\Users\hoang duc\AppData\Local\Programs\Trae\bin;C:\Users\hoang duc\AppData\Local\Microsoft\WindowsApps;C:\Users\hoang duc\AppData\Local\GitHubDesktop\bin;C:\Users\hoang duc\AppData\Local\Programs\Microsoft VS Code\bin;C:\Users\hoang duc\AppData\Local\Programs\cursor\resources\app\bin;C:\Program Files\JetBrains\IntelliJ IDEA 2025.1.3;C:\Program Files\RabbitMQ Server\rabbitmq_server-4.2.0\sbin;C:\Program Files\Common Files\Oracle\Java\javapath;C:\WINDOWS\system32;C:\WINDOWS;C:\WINDOWS\System32\Wbem;C:\WINDOWS\System32\WindowsPowerShell\v1.0\;C:\WINDOWS\System32\OpenSSH\;C:\Program Files (x86)\Microsoft SQL Server\160\Tools\Binn\;C:\Program Files\Microsoft SQL Server\160\Tools\Binn\;C:\Program Files\Microsoft SQL Server\Client SDK\ODBC\170\Tools\Binn\;C:\Program Files\Microsoft SQL Server\160\DTS\Binn\;C:\Program Files (x86)\Microsoft SQL Server\160\DTS\Binn\
USERNAME=hoangduc
OS=Windows_NT
PROCESSOR_IDENTIFIER=AMD64 Family 23 Model 104 Stepping 1, AuthenticAMD



---------------  S Y S T E M  ---------------

OS:
 Windows 11 , 64 bit Build 26100 (10.0.26100.8246)
OS uptime: 6 days 6:37 hours
Hyper-V role detected

CPU: total 8 (initial active 8) (8 cores per cpu, 2 threads per core) family 23 model 104 stepping 1 microcode 0x8608103, cx8, cmov, fxsr, ht, mmx, 3dnowpref, sse, sse2, sse3, ssse3, sse4a, sse4.1, sse4.2, popcnt, lzcnt, tsc, tscinvbit, avx, avx2, aes, clmul, bmi1, bmi2, adx, sha, fma, vzeroupper, clflush, clflushopt, hv

Memory: 4k page, system-wide physical 15178M (1958M free)
TotalPageFile size 28150M (AvailPageFile size 2M)
current process WorkingSet (physical memory assigned to process): 13M, peak: 13M
current process commit charge ("private bytes"): 302M, peak: 303M

vm_info: Java HotSpot(TM) 64-Bit Server VM (17.0.9+11-LTS-201) for windows-amd64 JRE (17.0.9+11-LTS-201), built on Oct 10 2023 23:16:06 by "mach5one" with MS VC++ 17.1 (VS2022)

END.
